<?xml version="1.0" encoding="UTF-8"?>
<!-- Generated by org.testng.reporters.JUnitReportReporter -->
<testsuite skipped="0" hostname="TQL5625G" name="com.testng.Exception" tests="1" failures="0" timestamp="05 jun 2018 16:50:19 GMT" time="20.655" errors="0">
  <testcase name="twitterTest" time="20.655" classname="com.testng.Exception"/>
</testsuite> <!-- com.testng.Exception -->
