<?xml version="1.0" encoding="UTF-8"?>
<!-- Generated by org.testng.reporters.JUnitReportReporter -->
<testsuite skipped="0" hostname="TQL5625G" name="com.testng.TestNgFeatures" tests="4" failures="0" timestamp="05 jun 2018 18:10:38 GMT" time="0.000" errors="0">
  <testcase name="SearchPage" time="0.000" classname="com.testng.TestNgFeatures"/>
  <testcase name="HomePageTest" time="0.000" classname="com.testng.TestNgFeatures"/>
  <testcase name="RegPageTest" time="0.000" classname="com.testng.TestNgFeatures"/>
  <testcase name="loginTest" time="0.000" classname="com.testng.TestNgFeatures"/>
</testsuite> <!-- com.testng.TestNgFeatures -->
