<?xml version="1.0" encoding="UTF-8"?>
<!-- Generated by org.testng.reporters.JUnitReportReporter -->
<testsuite skipped="0" hostname="TQL5625G" name="com.test.TestNGBasics" tests="3" failures="0" timestamp="22 may 2018 20:04:54 GMT" time="0.004" errors="0">
  <testcase name="googleTittleTest" time="0.001" classname="com.test.TestNGBasics"/>
  <testcase name="googleLogoTest" time="0.002" classname="com.test.TestNGBasics"/>
  <testcase name="searchTest" time="0.001" classname="com.test.TestNGBasics"/>
</testsuite> <!-- com.test.TestNGBasics -->
