<?xml version="1.0" encoding="UTF-8"?>
<!-- Generated by org.testng.reporters.JUnitReportReporter -->
<testsuite skipped="0" hostname="TQL5625G" name="com.testng.GoogleTitleTest" tests="1" failures="0" timestamp="05 jun 2018 18:10:38 GMT" time="6.901" errors="0">
  <testcase name="googleTitleTest" time="6.901" classname="com.testng.GoogleTitleTest"/>
</testsuite> <!-- com.testng.GoogleTitleTest -->
