<?xml version="1.0" encoding="UTF-8"?>
<!-- Generated by org.testng.reporters.JUnitReportReporter -->
<testsuite skipped="0" hostname="DESKTOP-ICF057T" name="com.testng.TestNGBasics" tests="3" failures="0" timestamp="25 Jun 2019 20:16:28 GMT" time="0.037" errors="0">
  <testcase name="googleLogoTest" time="0.017" classname="com.testng.TestNGBasics"/>
  <testcase name="googleTittleTest" time="0.010" classname="com.testng.TestNGBasics"/>
  <testcase name="searchTest" time="0.010" classname="com.testng.TestNGBasics"/>
</testsuite> <!-- com.testng.TestNGBasics -->
