<?xml version="1.0" encoding="UTF-8"?>
<!-- Generated by org.testng.reporters.JUnitReportReporter -->
<testsuite skipped="0" hostname="TQL5625G" name="com.testng.InvocationCountTest" tests="10" failures="0" timestamp="05 jun 2018 18:10:38 GMT" time="0.000" errors="0">
  <testcase name="sum" time="0.000" classname="com.testng.InvocationCountTest"/>
  <testcase name="sum" time="0.000" classname="com.testng.InvocationCountTest"/>
  <testcase name="sum" time="0.000" classname="com.testng.InvocationCountTest"/>
  <testcase name="sum" time="0.000" classname="com.testng.InvocationCountTest"/>
  <testcase name="sum" time="0.000" classname="com.testng.InvocationCountTest"/>
  <testcase name="sum" time="0.000" classname="com.testng.InvocationCountTest"/>
  <testcase name="sum" time="0.000" classname="com.testng.InvocationCountTest"/>
  <testcase name="sum" time="0.000" classname="com.testng.InvocationCountTest"/>
  <testcase name="sum" time="0.000" classname="com.testng.InvocationCountTest"/>
  <testcase name="sum" time="0.000" classname="com.testng.InvocationCountTest"/>
</testsuite> <!-- com.testng.InvocationCountTest -->
