<?xml version="1.0" encoding="UTF-8"?>
<!-- Generated by org.testng.reporters.JUnitReportReporter -->
<testsuite skipped="0" hostname="TQL5625G" name="com.testng.CatchingExceptiontestNG" tests="1" failures="0" timestamp="05 jun 2018 18:10:38 GMT" time="30.751" errors="0">
  <testcase name="twitterTest" time="30.751" classname="com.testng.CatchingExceptiontestNG"/>
</testsuite> <!-- com.testng.CatchingExceptiontestNG -->
