<?xml version="1.0" encoding="UTF-8"?>
<!-- Generated by org.testng.reporters.JUnitReportReporter -->
<testsuite skipped="0" hostname="TQL5625G" name="TestNG.FirstTestCase" tests="1" failures="0" timestamp="09 may 2018 20:32:32 GMT" time="36.305" errors="0">
  <testcase name="Test" time="36.305" classname="TestNG.FirstTestCase"/>
</testsuite> <!-- TestNG.FirstTestCase -->
