<?xml version="1.0" encoding="UTF-8"?>
<!-- Generated by org.testng.reporters.JUnitReportReporter -->
<testsuite skipped="0" hostname="TQL5625G" name="com.testng.GoogleTest" tests="1" failures="0" timestamp="05 jun 2018 18:10:38 GMT" time="8.325" errors="0">
  <testcase name="googleTitleTest" time="8.325" classname="com.testng.GoogleTest"/>
</testsuite> <!-- com.testng.GoogleTest -->
