<?xml version="1.0" encoding="UTF-8"?>
<!-- Generated by org.testng.reporters.JUnitReportReporter -->
<testsuite skipped="0" hostname="TQL5625G" name="com.test.ExceptionTimeOutTest" tests="1" failures="0" timestamp="22 may 2018 20:04:54 GMT" time="0.001" errors="0">
  <testcase name="test1" time="0.001" classname="com.test.ExceptionTimeOutTest"/>
</testsuite> <!-- com.test.ExceptionTimeOutTest -->
