<?xml version="1.0" encoding="UTF-8"?>
<!-- Generated by org.testng.reporters.JUnitReportReporter -->
<testsuite skipped="0" hostname="TQL5625G" name="com.testng.ExceptionTimeOutTest" tests="1" failures="0" timestamp="05 jun 2018 18:10:38 GMT" time="0.020" errors="0">
  <testcase name="test1" time="0.020" classname="com.testng.ExceptionTimeOutTest"/>
</testsuite> <!-- com.testng.ExceptionTimeOutTest -->
