<?xml version="1.0" encoding="UTF-8"?>
<!-- Generated by org.testng.reporters.JUnitReportReporter -->
<testsuite skipped="0" hostname="TQL5625G" name="com.test.TestNgFeatures" tests="1" failures="0" timestamp="22 may 2018 20:04:54 GMT" time="0.002" errors="0">
  <testcase name="loginTest" time="0.002" classname="com.test.TestNgFeatures"/>
</testsuite> <!-- com.test.TestNgFeatures -->
