<?xml version="1.0" encoding="UTF-8"?>
<!-- Generated by org.testng.reporters.JUnitReportReporter -->
<testsuite skipped="0" hostname="TQL5625G" name="com.parameters.ParameterTest" tests="1" failures="0" timestamp="29 may 2018 16:00:11 GMT" time="24.769" errors="0">
  <testcase name="gmailLogin" time="24.769" classname="com.parameters.ParameterTest"/>
</testsuite> <!-- com.parameters.ParameterTest -->
