<?xml version="1.0" encoding="UTF-8"?>
<!-- Generated by org.testng.reporters.JUnitReportReporter -->
<testsuite skipped="0" hostname="TQL5625G" name="com.datadriven.test.HalfEbayTest" tests="80" failures="0" timestamp="01 jun 2018 19:27:29 GMT" time="1140.268" errors="0">
  <testcase name="halfEbayRegPageTest" time="13.236" classname="com.datadriven.test.HalfEbayTest"/>
  <testcase name="halfEbayRegPageTest" time="15.315" classname="com.datadriven.test.HalfEbayTest"/>
  <testcase name="halfEbayRegPageTest" time="14.228" classname="com.datadriven.test.HalfEbayTest"/>
  <testcase name="halfEbayRegPageTest" time="13.375" classname="com.datadriven.test.HalfEbayTest"/>
  <testcase name="halfEbayRegPageTest" time="13.956" classname="com.datadriven.test.HalfEbayTest"/>
  <testcase name="halfEbayRegPageTest" time="13.979" classname="com.datadriven.test.HalfEbayTest"/>
  <testcase name="halfEbayRegPageTest" time="13.881" classname="com.datadriven.test.HalfEbayTest"/>
  <testcase name="halfEbayRegPageTest" time="15.268" classname="com.datadriven.test.HalfEbayTest"/>
  <testcase name="halfEbayRegPageTest" time="15.468" classname="com.datadriven.test.HalfEbayTest"/>
  <testcase name="halfEbayRegPageTest" time="14.202" classname="com.datadriven.test.HalfEbayTest"/>
  <testcase name="halfEbayRegPageTest" time="13.664" classname="com.datadriven.test.HalfEbayTest"/>
  <testcase name="halfEbayRegPageTest" time="13.268" classname="com.datadriven.test.HalfEbayTest"/>
  <testcase name="halfEbayRegPageTest" time="13.910" classname="com.datadriven.test.HalfEbayTest"/>
  <testcase name="halfEbayRegPageTest" time="13.536" classname="com.datadriven.test.HalfEbayTest"/>
  <testcase name="halfEbayRegPageTest" time="14.287" classname="com.datadriven.test.HalfEbayTest"/>
  <testcase name="halfEbayRegPageTest" time="13.825" classname="com.datadriven.test.HalfEbayTest"/>
  <testcase name="halfEbayRegPageTest" time="15.438" classname="com.datadriven.test.HalfEbayTest"/>
  <testcase name="halfEbayRegPageTest" time="15.704" classname="com.datadriven.test.HalfEbayTest"/>
  <testcase name="halfEbayRegPageTest" time="13.247" classname="com.datadriven.test.HalfEbayTest"/>
  <testcase name="halfEbayRegPageTest" time="13.460" classname="com.datadriven.test.HalfEbayTest"/>
  <testcase name="halfEbayRegPageTest" time="13.964" classname="com.datadriven.test.HalfEbayTest"/>
  <testcase name="halfEbayRegPageTest" time="12.751" classname="com.datadriven.test.HalfEbayTest"/>
  <testcase name="halfEbayRegPageTest" time="12.897" classname="com.datadriven.test.HalfEbayTest"/>
  <testcase name="halfEbayRegPageTest" time="15.186" classname="com.datadriven.test.HalfEbayTest"/>
  <testcase name="halfEbayRegPageTest" time="13.472" classname="com.datadriven.test.HalfEbayTest"/>
  <testcase name="halfEbayRegPageTest" time="13.479" classname="com.datadriven.test.HalfEbayTest"/>
  <testcase name="halfEbayRegPageTest" time="12.552" classname="com.datadriven.test.HalfEbayTest"/>
  <testcase name="halfEbayRegPageTest" time="14.059" classname="com.datadriven.test.HalfEbayTest"/>
  <testcase name="halfEbayRegPageTest" time="13.943" classname="com.datadriven.test.HalfEbayTest"/>
  <testcase name="halfEbayRegPageTest" time="13.295" classname="com.datadriven.test.HalfEbayTest"/>
  <testcase name="halfEbayRegPageTest" time="14.768" classname="com.datadriven.test.HalfEbayTest"/>
  <testcase name="halfEbayRegPageTest" time="14.017" classname="com.datadriven.test.HalfEbayTest"/>
  <testcase name="halfEbayRegPageTest" time="15.110" classname="com.datadriven.test.HalfEbayTest"/>
  <testcase name="halfEbayRegPageTest" time="16.228" classname="com.datadriven.test.HalfEbayTest"/>
  <testcase name="halfEbayRegPageTest" time="12.991" classname="com.datadriven.test.HalfEbayTest"/>
  <testcase name="halfEbayRegPageTest" time="15.698" classname="com.datadriven.test.HalfEbayTest"/>
  <testcase name="halfEbayRegPageTest" time="14.164" classname="com.datadriven.test.HalfEbayTest"/>
  <testcase name="halfEbayRegPageTest" time="14.079" classname="com.datadriven.test.HalfEbayTest"/>
  <testcase name="halfEbayRegPageTest" time="15.962" classname="com.datadriven.test.HalfEbayTest"/>
  <testcase name="halfEbayRegPageTest" time="14.402" classname="com.datadriven.test.HalfEbayTest"/>
  <testcase name="halfEbayRegPageTest" time="14.581" classname="com.datadriven.test.HalfEbayTest"/>
  <testcase name="halfEbayRegPageTest" time="14.754" classname="com.datadriven.test.HalfEbayTest"/>
  <testcase name="halfEbayRegPageTest" time="14.119" classname="com.datadriven.test.HalfEbayTest"/>
  <testcase name="halfEbayRegPageTest" time="14.206" classname="com.datadriven.test.HalfEbayTest"/>
  <testcase name="halfEbayRegPageTest" time="13.337" classname="com.datadriven.test.HalfEbayTest"/>
  <testcase name="halfEbayRegPageTest" time="13.999" classname="com.datadriven.test.HalfEbayTest"/>
  <testcase name="halfEbayRegPageTest" time="14.395" classname="com.datadriven.test.HalfEbayTest"/>
  <testcase name="halfEbayRegPageTest" time="13.005" classname="com.datadriven.test.HalfEbayTest"/>
  <testcase name="halfEbayRegPageTest" time="13.215" classname="com.datadriven.test.HalfEbayTest"/>
  <testcase name="halfEbayRegPageTest" time="13.962" classname="com.datadriven.test.HalfEbayTest"/>
  <testcase name="halfEbayRegPageTest" time="22.147" classname="com.datadriven.test.HalfEbayTest"/>
  <testcase name="halfEbayRegPageTest" time="13.535" classname="com.datadriven.test.HalfEbayTest"/>
  <testcase name="halfEbayRegPageTest" time="13.004" classname="com.datadriven.test.HalfEbayTest"/>
  <testcase name="halfEbayRegPageTest" time="15.539" classname="com.datadriven.test.HalfEbayTest"/>
  <testcase name="halfEbayRegPageTest" time="14.912" classname="com.datadriven.test.HalfEbayTest"/>
  <testcase name="halfEbayRegPageTest" time="15.595" classname="com.datadriven.test.HalfEbayTest"/>
  <testcase name="halfEbayRegPageTest" time="13.216" classname="com.datadriven.test.HalfEbayTest"/>
  <testcase name="halfEbayRegPageTest" time="13.219" classname="com.datadriven.test.HalfEbayTest"/>
  <testcase name="halfEbayRegPageTest" time="13.986" classname="com.datadriven.test.HalfEbayTest"/>
  <testcase name="halfEbayRegPageTest" time="13.727" classname="com.datadriven.test.HalfEbayTest"/>
  <testcase name="halfEbayRegPageTest" time="13.279" classname="com.datadriven.test.HalfEbayTest"/>
  <testcase name="halfEbayRegPageTest" time="14.483" classname="com.datadriven.test.HalfEbayTest"/>
  <testcase name="halfEbayRegPageTest" time="14.614" classname="com.datadriven.test.HalfEbayTest"/>
  <testcase name="halfEbayRegPageTest" time="13.114" classname="com.datadriven.test.HalfEbayTest"/>
  <testcase name="halfEbayRegPageTest" time="13.322" classname="com.datadriven.test.HalfEbayTest"/>
  <testcase name="halfEbayRegPageTest" time="14.390" classname="com.datadriven.test.HalfEbayTest"/>
  <testcase name="halfEbayRegPageTest" time="14.122" classname="com.datadriven.test.HalfEbayTest"/>
  <testcase name="halfEbayRegPageTest" time="13.483" classname="com.datadriven.test.HalfEbayTest"/>
  <testcase name="halfEbayRegPageTest" time="12.917" classname="com.datadriven.test.HalfEbayTest"/>
  <testcase name="halfEbayRegPageTest" time="14.197" classname="com.datadriven.test.HalfEbayTest"/>
  <testcase name="halfEbayRegPageTest" time="14.355" classname="com.datadriven.test.HalfEbayTest"/>
  <testcase name="halfEbayRegPageTest" time="17.603" classname="com.datadriven.test.HalfEbayTest"/>
  <testcase name="halfEbayRegPageTest" time="13.866" classname="com.datadriven.test.HalfEbayTest"/>
  <testcase name="halfEbayRegPageTest" time="16.036" classname="com.datadriven.test.HalfEbayTest"/>
  <testcase name="halfEbayRegPageTest" time="14.040" classname="com.datadriven.test.HalfEbayTest"/>
  <testcase name="halfEbayRegPageTest" time="14.865" classname="com.datadriven.test.HalfEbayTest"/>
  <testcase name="halfEbayRegPageTest" time="13.677" classname="com.datadriven.test.HalfEbayTest"/>
  <testcase name="halfEbayRegPageTest" time="15.574" classname="com.datadriven.test.HalfEbayTest"/>
  <testcase name="halfEbayRegPageTest" time="14.349" classname="com.datadriven.test.HalfEbayTest"/>
  <testcase name="halfEbayRegPageTest" time="13.265" classname="com.datadriven.test.HalfEbayTest"/>
</testsuite> <!-- com.datadriven.test.HalfEbayTest -->
